declare -x CASCADE_PDFPATH="/cvmfs/cms.cern.ch/slc6_amd64_gcc491/external/cascade/2.2.04-kpegke2/share"
declare -x CASTOR_HOME="/castor/cern.ch/user/k/kilee"
declare -x CLHEP_PARAM_PATH="/cvmfs/cms.cern.ch/slc6_amd64_gcc491/external/clhep/2.2.0.4"
declare -x CMSSW_BASE="/afs/cern.ch/work/k/kilee/tutorial/CMSSW_7_6_0_pre2_Starlight"
declare -x CMSSW_DATA_PATH="/cvmfs/cms.cern.ch/slc6_amd64_gcc491/cms"
declare -x CMSSW_FWLITE_INCLUDE_PATH="/cvmfs/cms.cern.ch/slc6_amd64_gcc491/external/sherpa/2.1.1-kpegke2/include:/cvmfs/cms.cern.ch/slc6_amd64_gcc491/external/hepmc/2.06.07-eccfad/include:/cvmfs/cms.cern.ch/slc6_amd64_gcc491/external/clhep/2.2.0.4/include:/cvmfs/cms.cern.ch/slc6_amd64_gcc491/external/boost/1.57.0-kpegke/include"
declare -x CMSSW_GIT_HASH="CMSSW_7_6_0_pre2"
declare -x CMSSW_RELEASE_BASE="/cvmfs/cms.cern.ch/slc6_amd64_gcc491/cms/cmssw/CMSSW_7_6_0_pre2"
declare -x CMSSW_SEARCH_PATH="/afs/cern.ch/work/k/kilee/tutorial/CMSSW_7_6_0_pre2_Starlight/src:/afs/cern.ch/work/k/kilee/tutorial/CMSSW_7_6_0_pre2_Starlight/external/slc6_amd64_gcc491/data:/cvmfs/cms.cern.ch/slc6_amd64_gcc491/cms/cmssw/CMSSW_7_6_0_pre2/src:/cvmfs/cms.cern.ch/slc6_amd64_gcc491/cms/cmssw/CMSSW_7_6_0_pre2/external/slc6_amd64_gcc491/data"
declare -x CMSSW_VERSION="CMSSW_7_6_0_pre2"
declare -x CMS_PATH="/cvmfs/cms.cern.ch"
declare -x COMPILER_RUNTIME_OBJECTS="/cvmfs/cms.cern.ch/slc6_amd64_gcc491/external/gcc/4.9.1-cms"
declare -x CVSROOT=":gserver:cmssw.cvs.cern.ch:/local/reps/CMSSW"
declare -x CVS_RSH="ssh"
declare -x DBSCMD_HOME="/cvmfs/cms.cern.ch/slc6_amd64_gcc491/cms/dbs-client/DBS_2_1_9-kpegke/lib/DBSAPI"
declare -x DBS_CLIENT_CONFIG="/cvmfs/cms.cern.ch/slc6_amd64_gcc491/cms/dbs-client/DBS_2_1_9-kpegke/lib/DBSAPI/dbs.config"
declare -x DISPLAY="localhost:49.0"
declare -x EDITOR="/bin/nano -w"
declare -x EVTGENDATA="/cvmfs/cms.cern.ch/slc6_amd64_gcc491/external/evtgen/1.3.0-kpegke2/share"
declare -x FRONTIER_CLIENT="/cvmfs/cms.cern.ch/slc6_amd64_gcc491/external/frontier_client/2.8.12/"
declare -x G4ABLADATA="/cvmfs/cms.cern.ch/slc6_amd64_gcc491/external/geant4-G4ABLA/3.0/data/G4ABLA3.0"
declare -x G4FORCENUMBEROFTHREADS="max"
declare -x G4LEDATA="/cvmfs/cms.cern.ch/slc6_amd64_gcc491/external/geant4-G4EMLOW/6.35/data/G4EMLOW6.35"
declare -x G4LEVELGAMMADATA="/cvmfs/cms.cern.ch/slc6_amd64_gcc491/external/geant4-G4PhotonEvaporation/3.0/data/PhotonEvaporation3.0"
declare -x G4NEUTRONHPDATA="/cvmfs/cms.cern.ch/slc6_amd64_gcc491/external/geant4-G4NDL/4.4/data/G4NDL4.4"
declare -x G4NEUTRONXSDATA="/cvmfs/cms.cern.ch/slc6_amd64_gcc491/external/geant4-G4NEUTRONXS/1.4/data/G4NEUTRONXS1.4"
declare -x G4RADIOACTIVEDATA="/cvmfs/cms.cern.ch/slc6_amd64_gcc491/external/geant4-G4RadioactiveDecay/4.0/data/RadioactiveDecay4.0"
declare -x G4SAIDXSDATA="/cvmfs/cms.cern.ch/slc6_amd64_gcc491/external/geant4-G4SAIDDATA/1.1/data/G4SAIDDATA1.1"
declare -x GEANT4_PARFULLCMS_CONFIG_DIR="/cvmfs/cms.cern.ch/slc6_amd64_gcc491/external/geant4-parfullcms/2014.01.27-kpegke2/share/ParFullCMS"
declare -x GENREFLEX="/cvmfs/cms.cern.ch/slc6_amd64_gcc491/lcg/root/6.02.10-kpegke2/bin/genreflex"
declare -x GIT_EXEC_PATH="/cvmfs/cms.cern.ch/slc6_amd64_gcc491/external/git/1.8.3.1-eccfad/libexec/git-core"
declare -x GIT_SSL_CAINFO="/cvmfs/cms.cern.ch/slc6_amd64_gcc491/external/git/1.8.3.1-eccfad/share/ssl/certs/ca-bundle.crt"
declare -x GIT_TEMPLATE_DIR="/cvmfs/cms.cern.ch/slc6_amd64_gcc491/external/git/1.8.3.1-eccfad/share/git-core/templates"
declare -x GROUP_DIR="/afs/cern.ch/group/zh"
declare -x GT_PROXY_MODE="old"
declare -x G_BROKEN_FILENAMES="1"
declare -x HEPPDT_PARAM_PATH="/cvmfs/cms.cern.ch/slc6_amd64_gcc491/external/heppdt/3.03.00-cms"
declare -x HERWIGPATH="/cvmfs/cms.cern.ch/slc6_amd64_gcc491/external/herwigpp/2.7.1-kpegke2/share/Herwig++"
declare -x HISTCONTROL="ignoredups"
declare -x HISTSIZE="1000"
declare -x HOME="/afs/cern.ch/user/k/kilee"
declare -x HOSTNAME="lxplus0017.cern.ch"
declare -x KDEDIRS="/usr"
declare -x KRB5CCNAME="FILE:/tmp/krb5cc_40651_CWQH50"
declare -x LANG="C"
declare -x LCG_GFAL_INFOSYS="lcg-bdii.cern.ch:2170"
declare -x LD_LIBRARY_PATH="/afs/cern.ch/work/k/kilee/tutorial/CMSSW_7_6_0_pre2_Starlight/biglib/slc6_amd64_gcc491:/afs/cern.ch/work/k/kilee/tutorial/CMSSW_7_6_0_pre2_Starlight/lib/slc6_amd64_gcc491:/afs/cern.ch/work/k/kilee/tutorial/CMSSW_7_6_0_pre2_Starlight/external/slc6_amd64_gcc491/lib:/cvmfs/cms.cern.ch/slc6_amd64_gcc491/cms/cmssw/CMSSW_7_6_0_pre2/biglib/slc6_amd64_gcc491:/cvmfs/cms.cern.ch/slc6_amd64_gcc491/cms/cmssw/CMSSW_7_6_0_pre2/lib/slc6_amd64_gcc491:/cvmfs/cms.cern.ch/slc6_amd64_gcc491/cms/cmssw/CMSSW_7_6_0_pre2/external/slc6_amd64_gcc491/lib:/cvmfs/cms.cern.ch/slc6_amd64_gcc491/external/llvm/3.6-kpegke/lib:/cvmfs/cms.cern.ch/slc6_amd64_gcc491/external/gcc/4.9.1-cms/lib64:/cvmfs/cms.cern.ch/slc6_amd64_gcc491/external/gcc/4.9.1-cms/lib"
declare -x LESSOPEN="||/usr/bin/lesspipe.sh %s"
declare -x LHAPDF_DATA_PATH="/cvmfs/cms.cern.ch/slc6_amd64_gcc491/external/lhapdf/6.1.5-kpegke2/share/LHAPDF"
declare -x LOADEDMODULES=""
declare -x LOCALRT="/afs/cern.ch/work/k/kilee/tutorial/CMSSW_7_6_0_pre2_Starlight"
declare -x LOGNAME="kilee"
declare -x LS_COLORS="di=00;32:fi=00;"
declare -x MAGIC="/cvmfs/cms.cern.ch/slc6_amd64_gcc491/external/file/5.13-cms/share/misc/magic.mgc"
declare -x MAIL="/var/spool/mail/kilee"
declare -x MALLOC_CONF="lg_chunk:18,lg_dirty_mult:4"
declare -x MANPATH="/cvmfs/cms.cern.ch/share/man:"
declare -x MODULEPATH="/usr/share/Modules/modulefiles:/etc/modulefiles"
declare -x MODULESHOME="/usr/share/Modules"
declare -x MYPROXY_SERVER="myproxy.cern.ch"
declare -x NLS_LANG="AMERICAN_AMERICA.WE8ISO8859P1"
declare -x OLDPWD="/afs/cern.ch/work/k/kilee/tutorial/CMSSW_7_6_0_pre2_Starlight/src/test/test7"
declare -x PATH="/afs/cern.ch/work/k/kilee/tutorial/CMSSW_7_6_0_pre2_Starlight/bin/slc6_amd64_gcc491:/afs/cern.ch/work/k/kilee/tutorial/CMSSW_7_6_0_pre2_Starlight/external/slc6_amd64_gcc491/bin:/cvmfs/cms.cern.ch/slc6_amd64_gcc491/cms/cmssw/CMSSW_7_6_0_pre2/bin/slc6_amd64_gcc491:/cvmfs/cms.cern.ch/slc6_amd64_gcc491/cms/cmssw/CMSSW_7_6_0_pre2/external/slc6_amd64_gcc491/bin:/cvmfs/cms.cern.ch/slc6_amd64_gcc491/external/llvm/3.6-kpegke/bin:/cvmfs/cms.cern.ch/slc6_amd64_gcc491/external/gcc/4.9.1-cms/bin:/afs/cern.ch/group/zh/bin:/afs/cern.ch/user/k/kilee/scripts:/afs/cern.ch/cms/caf/scripts:/cvmfs/cms.cern.ch/common:/cvmfs/cms.cern.ch/bin:/usr/sue/bin:/usr/lib64/qt-3.3/bin:/usr/kerberos/sbin:/usr/kerberos/bin:/usr/local/bin:/bin:/usr/bin:/usr/local/sbin:/usr/sbin:/sbin:/afs/cern.ch/user/k/kilee/bin"
declare -x PDFPATH="/cvmfs/cms.cern.ch/slc6_amd64_gcc491/external/rivet/2.2.1-kpegke/share"
declare -x PERL5LIB="/cvmfs/cms.cern.ch/slc6_amd64_gcc491/external/git/1.8.3.1-eccfad/share/perl5"
declare -x PWD="/afs/cern.ch/work/k/kilee/tutorial/CMSSW_7_6_0_pre2_Starlight/src/starlightpatch7/starlight"
declare -x PYTHIA8DATA="/cvmfs/cms.cern.ch/slc6_amd64_gcc491/external/pythia8/210/share/Pythia8/xmldoc"
declare -x PYTHONPATH="/afs/cern.ch/work/k/kilee/tutorial/CMSSW_7_6_0_pre2_Starlight/python:/afs/cern.ch/work/k/kilee/tutorial/CMSSW_7_6_0_pre2_Starlight/lib/slc6_amd64_gcc491:/cvmfs/cms.cern.ch/slc6_amd64_gcc491/cms/cmssw/CMSSW_7_6_0_pre2/python:/cvmfs/cms.cern.ch/slc6_amd64_gcc491/cms/cmssw/CMSSW_7_6_0_pre2/lib/slc6_amd64_gcc491:/cvmfs/cms.cern.ch/slc6_amd64_gcc491/cms/coral/CORAL_2_3_21-kpegke2/slc6_amd64_gcc491/python:/cvmfs/cms.cern.ch/slc6_amd64_gcc491/cms/coral/CORAL_2_3_21-kpegke2/slc6_amd64_gcc491/lib:/cvmfs/cms.cern.ch/slc6_amd64_gcc491/external/pyqt/4.8.1-kpegke/lib/python2.7/site-packages:/cvmfs/cms.cern.ch/slc6_amd64_gcc491/external/python-ldap/2.4.10-kpegke/lib/python2.7/site-packages:/cvmfs/cms.cern.ch/slc6_amd64_gcc491/external/py2-scipy/0.8.0-kpegke/lib/python2.7/site-packages:/cvmfs/cms.cern.ch/slc6_amd64_gcc491/external/py2-pandas/0.16.0-kpegke/lib/python2.7/site-packages:/cvmfs/cms.cern.ch/slc6_amd64_gcc491/external/py2-matplotlib/1.2.1-kpegke/lib/python2.7/site-packages:/cvmfs/cms.cern.ch/slc6_amd64_gcc491/external/yoda/1.3.1-kpegke/lib/python2.7/site-packages:/cvmfs/cms.cern.ch/slc6_amd64_gcc491/external/sip/4.11.2-kpegke/lib/python2.7/site-packages:/cvmfs/cms.cern.ch/slc6_amd64_gcc491/external/llvm/3.6-kpegke/lib/python2.7/site-packages:/cvmfs/cms.cern.ch/slc6_amd64_gcc491/external/py2-sqlalchemy/0.8.2-kpegke/lib/python2.7/site-packages:/cvmfs/cms.cern.ch/slc6_amd64_gcc491/external/py2-pycurl/7.19.0-kpegke/lib/python2.7/site-packages:/cvmfs/cms.cern.ch/slc6_amd64_gcc491/external/py2-pytz/2014.7-kpegke/lib/python2.7/site-packages:/cvmfs/cms.cern.ch/slc6_amd64_gcc491/external/py2-python-dateutil/1.5-kpegke/lib/python2.7/site-packages:/cvmfs/cms.cern.ch/slc6_amd64_gcc491/external/py2-numpy/1.9.2-kpegke/lib/python2.7/site-packages:/cvmfs/cms.cern.ch/slc6_amd64_gcc491/external/py2-lint/0.25.1-kpegke/lib/python2.7/site-packages:/cvmfs/cms.cern.ch/slc6_amd64_gcc491/external/py2-ipython/3.1.0-kpegke/lib/python2.7/site-packages:/cvmfs/cms.cern.ch/slc6_amd64_gcc491/external/py2-dxr/1.0-kpegke/lib/python2.7/site-packages:/cvmfs/cms.cern.ch/slc6_amd64_gcc491/external/py2-cx-oracle/5.1-kpegke/lib/python2.7/site-packages:/cvmfs/cms.cern.ch/slc6_amd64_gcc491/external/py2-cjson/1.0.5-kpegke/lib/python2.7/site-packages:/cvmfs/cms.cern.ch/slc6_amd64_gcc491/external/frontier_client/2.8.12/python/lib:/cvmfs/cms.cern.ch/slc6_amd64_gcc491/cms/das-client/2.5.0-kpegke/bin:/cvmfs/cms.cern.ch/slc6_amd64_gcc491/external/cython/0.22-kpegke/lib/python2.7/site-packages:/cvmfs/cms.cern.ch/slc6_amd64_gcc491/external/rivet/2.2.1-kpegke/lib/python2.7/site-packages:/cvmfs/cms.cern.ch/slc6_amd64_gcc491/lcg/root/6.02.10-kpegke2/lib:/cvmfs/cms.cern.ch/slc6_amd64_gcc491/external/pyminuit2/0.0.1-kpegke2/lib/python2.7/site-packages:/cvmfs/cms.cern.ch/slc6_amd64_gcc491/external/py2-pygithub/1.23.0-kpegke/lib/python2.7/site-packages:/cvmfs/cms.cern.ch/slc6_amd64_gcc491/external/py2-networkx/1.8.1-kpegke/lib/python2.7/site-packages:/cvmfs/cms.cern.ch/slc6_amd64_gcc491/external/py2-pygments/1.6-kpegke/lib/python2.7/site-packages:/cvmfs/cms.cern.ch/slc6_amd64_gcc491/external/py2-parsimonious/0.6.1-kpegke/lib/python2.7/site-packages:/cvmfs/cms.cern.ch/slc6_amd64_gcc491/external/py2-ordereddict/1.1-kpegke/lib/python2.7/site-packages:/cvmfs/cms.cern.ch/slc6_amd64_gcc491/external/py2-markupsafe/0.23-kpegke/lib/python2.7/site-packages:/cvmfs/cms.cern.ch/slc6_amd64_gcc491/external/py2-jinja/2.7.2-kpegke/lib/python2.7/site-packages:/cvmfs/cms.cern.ch/slc6_amd64_gcc491/external/py2-futures/2.2.0-kpegke/lib/python2.7/site-packages:/cvmfs/cms.cern.ch/slc6_amd64_gcc491/external/py2-dablooms/0.9.1-kpegke/lib/python2.7/site-packages:/cvmfs/cms.cern.ch/slc6_amd64_gcc491/external/professor/1.4.0-kpegke/lib/python2.7/site-packages:/cvmfs/cms.cern.ch/slc6_amd64_gcc491/cms/dbs-client/DBS_2_1_9-kpegke/lib:/cvmfs/cms.cern.ch/slc6_amd64_gcc491/cms/dbs-client/DBS_2_1_9-kpegke/lib/DBSAPI:/cvmfs/cms.cern.ch/slc6_amd64_gcc491/external/cvs2git/5419-kpegke/lib"
declare -x QTDIR="/cvmfs/cms.cern.ch/slc6_amd64_gcc491/external/qt/4.8.1-cms:/usr/lib64/qt-3.3"
declare -x QTINC="/cvmfs/cms.cern.ch/slc6_amd64_gcc491/external/qt/4.8.1-cms/include:/usr/lib64/qt-3.3/include"
declare -x QTLIB="/cvmfs/cms.cern.ch/slc6_amd64_gcc491/external/qt/4.8.1-cms/lib:/usr/lib64/qt-3.3/lib"
declare -x RFIO_USE_CASTOR_V2="YES"
declare -x RIVET_ANALYSIS_PATH="/afs/cern.ch/work/k/kilee/tutorial/CMSSW_7_6_0_pre2_Starlight/lib/slc6_amd64_gcc491:/cvmfs/cms.cern.ch/slc6_amd64_gcc491/cms/cmssw/CMSSW_7_6_0_pre2/lib/slc6_amd64_gcc491:/cvmfs/cms.cern.ch/slc6_amd64_gcc491/external/rivet/2.2.1-kpegke/lib"
declare -x ROOFITSYS="/cvmfs/cms.cern.ch/slc6_amd64_gcc491/lcg/root/6.02.10-kpegke2/"
declare -x ROOTSYS="/cvmfs/cms.cern.ch/slc6_amd64_gcc491/lcg/root/6.02.10-kpegke2/"
declare -x ROOT_GCC_TOOLCHAIN="/cvmfs/cms.cern.ch/slc6_amd64_gcc491/external/gcc/4.9.1-cms"
declare -x ROOT_INCLUDE_PATH="/afs/cern.ch/work/k/kilee/tutorial/CMSSW_7_6_0_pre2_Starlight/src:/cvmfs/cms.cern.ch/slc6_amd64_gcc491/cms/cmssw/CMSSW_7_6_0_pre2/src:/cvmfs/cms.cern.ch/slc6_amd64_gcc491/cms/coral/CORAL_2_3_21-kpegke2/include/LCG:/cvmfs/cms.cern.ch/slc6_amd64_gcc491/external/mctester/1.25.0a-kpegke2/include:/cvmfs/cms.cern.ch/slc6_amd64_gcc491/lcg/root/6.02.10-kpegke2/include:/cvmfs/cms.cern.ch/slc6_amd64_gcc491/external/qt/4.8.1-cms/include/QtDesigner:/cvmfs/cms.cern.ch/slc6_amd64_gcc491/external/tauolapp/1.1.5-kpegke2/include:/cvmfs/cms.cern.ch/slc6_amd64_gcc491/external/charybdis/1.003-kpegke2/include:/cvmfs/cms.cern.ch/slc6_amd64_gcc491/external/thepeg/1.9.2p1-kpegke2/include:/cvmfs/cms.cern.ch/slc6_amd64_gcc491/external/sherpa/2.1.1-kpegke2/include/SHERPA-MC:/cvmfs/cms.cern.ch/slc6_amd64_gcc491/external/qt/4.8.1-cms/include/QtOpenGL:/cvmfs/cms.cern.ch/slc6_amd64_gcc491/external/qt/4.8.1-cms/include/QtGui:/cvmfs/cms.cern.ch/slc6_amd64_gcc491/external/pythia8/210/include:/cvmfs/cms.cern.ch/slc6_amd64_gcc491/external/herwig/6.521-kpegke2/include:/cvmfs/cms.cern.ch/slc6_amd64_gcc491/external/qt/4.8.1-cms/include/QtScript:/cvmfs/cms.cern.ch/slc6_amd64_gcc491/external/qt/4.8.1-cms/include/Qt3Support:/cvmfs/cms.cern.ch/slc6_amd64_gcc491/external/classlib/3.1.3-eccfad/include:/cvmfs/cms.cern.ch/slc6_amd64_gcc491/external/lhapdf/6.1.5-kpegke2/include:/cvmfs/cms.cern.ch/slc6_amd64_gcc491/external/cgal/4.2-kpegke/include:/cvmfs/cms.cern.ch/slc6_amd64_gcc491/external/tkonlinesw/2.7.0-cms/include:/cvmfs/cms.cern.ch/slc6_amd64_gcc491/external/qt/4.8.1-cms/include:/cvmfs/cms.cern.ch/slc6_amd64_gcc491/external/qt/4.8.1-cms/include/Qt:/cvmfs/cms.cern.ch/slc6_amd64_gcc491/external/qt/4.8.1-cms/include/QtCore:/cvmfs/cms.cern.ch/slc6_amd64_gcc491/external/qt/4.8.1-cms/include/QtXml:/cvmfs/cms.cern.ch/slc6_amd64_gcc491/external/mcdb/1.0.2-cms/interface:/cvmfs/cms.cern.ch/slc6_amd64_gcc491/external/libungif/4.1.4-cms/include:/cvmfs/cms.cern.ch/slc6_amd64_gcc491/external/libtiff/3.9.4-cms/include:/cvmfs/cms.cern.ch/slc6_amd64_gcc491/external/libpng/1.6.16-eccfad/include:/cvmfs/cms.cern.ch/slc6_amd64_gcc491/external/geant4/10.00.p03-kpegke2/include/Geant4:/cvmfs/cms.cern.ch/slc6_amd64_gcc491/external/frontier_client/2.8.12/include:/cvmfs/cms.cern.ch/slc6_amd64_gcc491/external/evtgenlhc/9.1-kpegke2:/cvmfs/cms.cern.ch/slc6_amd64_gcc491/external/pcre/7.9__8.33-cms/include:/cvmfs/cms.cern.ch/slc6_amd64_gcc491/external/boost/1.57.0-kpegke/include:/cvmfs/cms.cern.ch/slc6_amd64_gcc491/external/xz/5.2.1/include:/cvmfs/cms.cern.ch/slc6_amd64_gcc491/external/xrootd/4.0.4-eccfad3/include/xrootd/private:/cvmfs/cms.cern.ch/slc6_amd64_gcc491/cms/vdt/v0.3.2-eccfad/include:/cvmfs/cms.cern.ch/slc6_amd64_gcc491/external/valgrind/3.10.1-eccfad/include:/cvmfs/cms.cern.ch/slc6_amd64_gcc491/external/toprex/4.23-cms/include:/cvmfs/cms.cern.ch/slc6_amd64_gcc491/external/tbb/43_20150316oss/include:/cvmfs/cms.cern.ch/slc6_amd64_gcc491/external/tauola/27.121.5-cms/include:/cvmfs/cms.cern.ch/slc6_amd64_gcc491/external/sigcpp/2.2.10-eccfad/include/sigc++-2.0:/cvmfs/cms.cern.ch/slc6_amd64_gcc491/external/rivet/2.2.1-kpegke/include:/cvmfs/cms.cern.ch/slc6_amd64_gcc491/external/sqlite/3.7.17-cms/include:/cvmfs/cms.cern.ch/slc6_amd64_gcc491/external/protobuf/2.4.1-cms/include:/cvmfs/cms.cern.ch/slc6_amd64_gcc491/external/pacparser/1.3.1-cms/include:/cvmfs/cms.cern.ch/slc6_amd64_gcc491/external/oracle/11.2.0.3.0__10.2.0.4.0-cms/include:/cvmfs/cms.cern.ch/slc6_amd64_gcc491/external/meschach/1.2.pCMS1-cms/include:/cvmfs/cms.cern.ch/slc6_amd64_gcc491/external/libhepml/0.2.1-cms/interface:/cvmfs/cms.cern.ch/slc6_amd64_gcc491/external/ktjet/1.06-kpegke2/include:/cvmfs/cms.cern.ch/slc6_amd64_gcc491/external/jimmy/4.2-kpegke2/include:/cvmfs/cms.cern.ch/slc6_amd64_gcc491/external/jemalloc/3.5.0-cms/include:/cvmfs/cms.cern.ch/slc6_amd64_gcc491/external/libxml2/2.7.7-cms/include/libxml2:/cvmfs/cms.cern.ch/slc6_amd64_gcc491/external/herwigpp/2.7.1-kpegke2/include:/cvmfs/cms.cern.ch/slc6_amd64_gcc491/external/heppdt/3.03.00-cms/include:/cvmfs/cms.cern.ch/slc6_amd64_gcc491/external/hector/1.3.4-kpegke2/include:/cvmfs/cms.cern.ch/slc6_amd64_gcc491/external/gsl/1.10-cms/include:/cvmfs/cms.cern.ch/slc6_amd64_gcc491/external/libjpg/8b-cms/include:/cvmfs/cms.cern.ch/slc6_amd64_gcc491/external/xerces-c/2.8.0-cms/include:/cvmfs/cms.cern.ch/slc6_amd64_gcc491/external/gdbm/1.10-cms/include:/cvmfs/cms.cern.ch/slc6_amd64_gcc491/external/fftw3/3.3.2-cms/include:/cvmfs/cms.cern.ch/slc6_amd64_gcc491/external/fftjet/1.5.0-cms/include:/cvmfs/cms.cern.ch/slc6_amd64_gcc491/external/fastjet/3.1.0-odfocd/include:/cvmfs/cms.cern.ch/slc6_amd64_gcc491/external/expat/2.0.1-cms/include:/cvmfs/cms.cern.ch/slc6_amd64_gcc491/external/hepmc/2.06.07-eccfad/include:/cvmfs/cms.cern.ch/slc6_amd64_gcc491/external/dpm/1.8.0.1-cms/include:/cvmfs/cms.cern.ch/slc6_amd64_gcc491/external/dcap/2.47.8-eccfad/include:/cvmfs/cms.cern.ch/slc6_amd64_gcc491/external/db4/4.4.20-cms/include:/cvmfs/cms.cern.ch/slc6_amd64_gcc491/external/curl/7.28.0-eccfad/include:/cvmfs/cms.cern.ch/slc6_amd64_gcc491/external/cppunit/1.12.1-cms/include:/cvmfs/cms.cern.ch/slc6_amd64_gcc491/external/clhep/2.2.0.4/include:/cvmfs/cms.cern.ch/slc6_amd64_gcc491/external/openssl/0.9.8e__1.0.1-cms/include:/cvmfs/cms.cern.ch/slc6_amd64_gcc491/external/pythia6/426-cms/include:/cvmfs/cms.cern.ch/slc6_amd64_gcc491/external/photos/215.5-cms/include:/cvmfs/cms.cern.ch/slc6_amd64_gcc491/external/zlib/1.2.8-cms/include:/cvmfs/cms.cern.ch/slc6_amd64_gcc491/external/libuuid/2.22.2-cms/include:/cvmfs/cms.cern.ch/slc6_amd64_gcc491/external/castor/2.1.13.9-cms/include:/cvmfs/cms.cern.ch/slc6_amd64_gcc491/external/castor/2.1.13.9-cms/include/shift:/cvmfs/cms.cern.ch/slc6_amd64_gcc491/external/cascade/2.2.04-kpegke2/include:/cvmfs/cms.cern.ch/slc6_amd64_gcc491/external/bz2lib/1.0.5-cms/include:/cvmfs/cms.cern.ch/slc6_amd64_gcc491/external/python/2.7.6-kpegke/include/python2.7:/cvmfs/cms.cern.ch/slc6_amd64_gcc491/external/gcc/4.9.1-cms/include/c++/4.9.1:/cvmfs/cms.cern.ch/slc6_amd64_gcc491/external/gcc/4.9.1-cms/include/c++/4.9.1/x86_64-redhat-linux-gnu:/cvmfs/cms.cern.ch/slc6_amd64_gcc491/external/gcc/4.9.1-cms/include/c++/4.9.1/backward:/usr/local/include:/usr/include"
declare -x SCRAMRT_SET="CMSSW:CMSSW_7_6_0_pre2:slc6_amd64_gcc491:V2_2_6_pre5:SRT_"
declare -x SCRAM_ARCH="slc6_amd64_gcc491"
declare -x SCRATCH="/tmp/kilee"
declare -x SELINUX_LEVEL_REQUESTED=""
declare -x SELINUX_ROLE_REQUESTED=""
declare -x SELINUX_USE_CURRENT_RANGE=""
declare -x SHELL="/bin/bash"
declare -x SHERPA_INCLUDE_PATH="/cvmfs/cms.cern.ch/slc6_amd64_gcc491/external/sherpa/2.1.1-kpegke2/include/SHERPA-MC"
declare -x SHERPA_SHARE_PATH="/cvmfs/cms.cern.ch/slc6_amd64_gcc491/external/sherpa/2.1.1-kpegke2/share/SHERPA-MC"
declare -x SHLVL="1"
declare -x SRT_CASCADE_PDFPATH_SCRAMRTDEL="/cvmfs/cms.cern.ch/slc6_amd64_gcc491/external/cascade/2.2.04-kpegke2/share"
declare -x SRT_CLHEP_PARAM_PATH_SCRAMRTDEL="/cvmfs/cms.cern.ch/slc6_amd64_gcc491/external/clhep/2.2.0.4"
declare -x SRT_CMSSW_BASE_SCRAMRTDEL="/afs/cern.ch/work/k/kilee/tutorial/CMSSW_7_6_0_pre2_Starlight"
declare -x SRT_CMSSW_DATA_PATH_SCRAMRTDEL="/cvmfs/cms.cern.ch/slc6_amd64_gcc491/cms"
declare -x SRT_CMSSW_FWLITE_INCLUDE_PATH_SCRAMRTDEL="/cvmfs/cms.cern.ch/slc6_amd64_gcc491/external/sherpa/2.1.1-kpegke2/include:/cvmfs/cms.cern.ch/slc6_amd64_gcc491/external/hepmc/2.06.07-eccfad/include:/cvmfs/cms.cern.ch/slc6_amd64_gcc491/external/clhep/2.2.0.4/include:/cvmfs/cms.cern.ch/slc6_amd64_gcc491/external/boost/1.57.0-kpegke/include"
declare -x SRT_CMSSW_GIT_HASH_SCRAMRTDEL="CMSSW_7_6_0_pre2"
declare -x SRT_CMSSW_RELEASE_BASE_SCRAMRTDEL="/cvmfs/cms.cern.ch/slc6_amd64_gcc491/cms/cmssw/CMSSW_7_6_0_pre2"
declare -x SRT_CMSSW_SEARCH_PATH_SCRAMRTDEL="/afs/cern.ch/work/k/kilee/tutorial/CMSSW_7_6_0_pre2_Starlight/src:/afs/cern.ch/work/k/kilee/tutorial/CMSSW_7_6_0_pre2_Starlight/external/slc6_amd64_gcc491/data:/cvmfs/cms.cern.ch/slc6_amd64_gcc491/cms/cmssw/CMSSW_7_6_0_pre2/src:/cvmfs/cms.cern.ch/slc6_amd64_gcc491/cms/cmssw/CMSSW_7_6_0_pre2/external/slc6_amd64_gcc491/data"
declare -x SRT_CMSSW_VERSION_SCRAMRTDEL="CMSSW_7_6_0_pre2"
declare -x SRT_COMPILER_RUNTIME_OBJECTS_SCRAMRTDEL="/cvmfs/cms.cern.ch/slc6_amd64_gcc491/external/gcc/4.9.1-cms"
declare -x SRT_DBSCMD_HOME_SCRAMRTDEL="/cvmfs/cms.cern.ch/slc6_amd64_gcc491/cms/dbs-client/DBS_2_1_9-kpegke/lib/DBSAPI"
declare -x SRT_DBS_CLIENT_CONFIG_SCRAMRTDEL="/cvmfs/cms.cern.ch/slc6_amd64_gcc491/cms/dbs-client/DBS_2_1_9-kpegke/lib/DBSAPI/dbs.config"
declare -x SRT_EVTGENDATA_SCRAMRTDEL="/cvmfs/cms.cern.ch/slc6_amd64_gcc491/external/evtgen/1.3.0-kpegke2/share"
declare -x SRT_FRONTIER_CLIENT_SCRAMRTDEL="/cvmfs/cms.cern.ch/slc6_amd64_gcc491/external/frontier_client/2.8.12/"
declare -x SRT_G4ABLADATA_SCRAMRTDEL="/cvmfs/cms.cern.ch/slc6_amd64_gcc491/external/geant4-G4ABLA/3.0/data/G4ABLA3.0"
declare -x SRT_G4FORCENUMBEROFTHREADS_SCRAMRTDEL="max"
declare -x SRT_G4LEDATA_SCRAMRTDEL="/cvmfs/cms.cern.ch/slc6_amd64_gcc491/external/geant4-G4EMLOW/6.35/data/G4EMLOW6.35"
declare -x SRT_G4LEVELGAMMADATA_SCRAMRTDEL="/cvmfs/cms.cern.ch/slc6_amd64_gcc491/external/geant4-G4PhotonEvaporation/3.0/data/PhotonEvaporation3.0"
declare -x SRT_G4NEUTRONHPDATA_SCRAMRTDEL="/cvmfs/cms.cern.ch/slc6_amd64_gcc491/external/geant4-G4NDL/4.4/data/G4NDL4.4"
declare -x SRT_G4NEUTRONXSDATA_SCRAMRTDEL="/cvmfs/cms.cern.ch/slc6_amd64_gcc491/external/geant4-G4NEUTRONXS/1.4/data/G4NEUTRONXS1.4"
declare -x SRT_G4RADIOACTIVEDATA_SCRAMRTDEL="/cvmfs/cms.cern.ch/slc6_amd64_gcc491/external/geant4-G4RadioactiveDecay/4.0/data/RadioactiveDecay4.0"
declare -x SRT_G4SAIDXSDATA_SCRAMRTDEL="/cvmfs/cms.cern.ch/slc6_amd64_gcc491/external/geant4-G4SAIDDATA/1.1/data/G4SAIDDATA1.1"
declare -x SRT_GEANT4_PARFULLCMS_CONFIG_DIR_SCRAMRTDEL="/cvmfs/cms.cern.ch/slc6_amd64_gcc491/external/geant4-parfullcms/2014.01.27-kpegke2/share/ParFullCMS"
declare -x SRT_GENREFLEX_SCRAMRTDEL="/cvmfs/cms.cern.ch/slc6_amd64_gcc491/lcg/root/6.02.10-kpegke2/bin/genreflex"
declare -x SRT_GIT_EXEC_PATH_SCRAMRTDEL="/cvmfs/cms.cern.ch/slc6_amd64_gcc491/external/git/1.8.3.1-eccfad/libexec/git-core"
declare -x SRT_GIT_SSL_CAINFO_SCRAMRTDEL="/cvmfs/cms.cern.ch/slc6_amd64_gcc491/external/git/1.8.3.1-eccfad/share/ssl/certs/ca-bundle.crt"
declare -x SRT_GIT_TEMPLATE_DIR_SCRAMRTDEL="/cvmfs/cms.cern.ch/slc6_amd64_gcc491/external/git/1.8.3.1-eccfad/share/git-core/templates"
declare -x SRT_HEPPDT_PARAM_PATH_SCRAMRTDEL="/cvmfs/cms.cern.ch/slc6_amd64_gcc491/external/heppdt/3.03.00-cms"
declare -x SRT_HERWIGPATH_SCRAMRTDEL="/cvmfs/cms.cern.ch/slc6_amd64_gcc491/external/herwigpp/2.7.1-kpegke2/share/Herwig++"
declare -x SRT_LANG_SCRAMRT="C"
declare -x SRT_LD_LIBRARY_PATH_SCRAMRTDEL="/afs/cern.ch/work/k/kilee/tutorial/CMSSW_7_6_0_pre2_Starlight/biglib/slc6_amd64_gcc491:/afs/cern.ch/work/k/kilee/tutorial/CMSSW_7_6_0_pre2_Starlight/lib/slc6_amd64_gcc491:/afs/cern.ch/work/k/kilee/tutorial/CMSSW_7_6_0_pre2_Starlight/external/slc6_amd64_gcc491/lib:/cvmfs/cms.cern.ch/slc6_amd64_gcc491/cms/cmssw/CMSSW_7_6_0_pre2/biglib/slc6_amd64_gcc491:/cvmfs/cms.cern.ch/slc6_amd64_gcc491/cms/cmssw/CMSSW_7_6_0_pre2/lib/slc6_amd64_gcc491:/cvmfs/cms.cern.ch/slc6_amd64_gcc491/cms/cmssw/CMSSW_7_6_0_pre2/external/slc6_amd64_gcc491/lib:/cvmfs/cms.cern.ch/slc6_amd64_gcc491/external/llvm/3.6-kpegke/lib:/cvmfs/cms.cern.ch/slc6_amd64_gcc491/external/gcc/4.9.1-cms/lib64:/cvmfs/cms.cern.ch/slc6_amd64_gcc491/external/gcc/4.9.1-cms/lib"
declare -x SRT_LHAPDF_DATA_PATH_SCRAMRTDEL="/cvmfs/cms.cern.ch/slc6_amd64_gcc491/external/lhapdf/6.1.5-kpegke2/share/LHAPDF"
declare -x SRT_LOCALRT_SCRAMRTDEL="/afs/cern.ch/work/k/kilee/tutorial/CMSSW_7_6_0_pre2_Starlight"
declare -x SRT_MAGIC_SCRAMRTDEL="/cvmfs/cms.cern.ch/slc6_amd64_gcc491/external/file/5.13-cms/share/misc/magic.mgc"
declare -x SRT_MALLOC_CONF_SCRAMRTDEL="lg_chunk:18,lg_dirty_mult:4"
declare -x SRT_PATH_SCRAMRT="/afs/cern.ch/work/k/kilee/tutorial/CMSSW_7_6_0_pre2_Starlight/bin/slc6_amd64_gcc491:/afs/cern.ch/work/k/kilee/tutorial/CMSSW_7_6_0_pre2_Starlight/external/slc6_amd64_gcc491/bin:/cvmfs/cms.cern.ch/slc6_amd64_gcc491/cms/cmssw/CMSSW_7_6_0_pre2/bin/slc6_amd64_gcc491:/cvmfs/cms.cern.ch/slc6_amd64_gcc491/cms/cmssw/CMSSW_7_6_0_pre2/external/slc6_amd64_gcc491/bin:/cvmfs/cms.cern.ch/slc6_amd64_gcc491/external/llvm/3.6-kpegke/bin:/cvmfs/cms.cern.ch/slc6_amd64_gcc491/external/gcc/4.9.1-cms/bin"
declare -x SRT_PDFPATH_SCRAMRTDEL="/cvmfs/cms.cern.ch/slc6_amd64_gcc491/external/rivet/2.2.1-kpegke/share"
declare -x SRT_PERL5LIB_SCRAMRTDEL="/cvmfs/cms.cern.ch/slc6_amd64_gcc491/external/git/1.8.3.1-eccfad/share/perl5"
declare -x SRT_PYTHIA8DATA_SCRAMRTDEL="/cvmfs/cms.cern.ch/slc6_amd64_gcc491/external/pythia8/210/share/Pythia8/xmldoc"
declare -x SRT_PYTHONPATH_SCRAMRTDEL="/afs/cern.ch/work/k/kilee/tutorial/CMSSW_7_6_0_pre2_Starlight/python:/afs/cern.ch/work/k/kilee/tutorial/CMSSW_7_6_0_pre2_Starlight/lib/slc6_amd64_gcc491:/cvmfs/cms.cern.ch/slc6_amd64_gcc491/cms/cmssw/CMSSW_7_6_0_pre2/python:/cvmfs/cms.cern.ch/slc6_amd64_gcc491/cms/cmssw/CMSSW_7_6_0_pre2/lib/slc6_amd64_gcc491:/cvmfs/cms.cern.ch/slc6_amd64_gcc491/cms/coral/CORAL_2_3_21-kpegke2/slc6_amd64_gcc491/python:/cvmfs/cms.cern.ch/slc6_amd64_gcc491/cms/coral/CORAL_2_3_21-kpegke2/slc6_amd64_gcc491/lib:/cvmfs/cms.cern.ch/slc6_amd64_gcc491/external/pyqt/4.8.1-kpegke/lib/python2.7/site-packages:/cvmfs/cms.cern.ch/slc6_amd64_gcc491/external/python-ldap/2.4.10-kpegke/lib/python2.7/site-packages:/cvmfs/cms.cern.ch/slc6_amd64_gcc491/external/py2-scipy/0.8.0-kpegke/lib/python2.7/site-packages:/cvmfs/cms.cern.ch/slc6_amd64_gcc491/external/py2-pandas/0.16.0-kpegke/lib/python2.7/site-packages:/cvmfs/cms.cern.ch/slc6_amd64_gcc491/external/py2-matplotlib/1.2.1-kpegke/lib/python2.7/site-packages:/cvmfs/cms.cern.ch/slc6_amd64_gcc491/external/yoda/1.3.1-kpegke/lib/python2.7/site-packages:/cvmfs/cms.cern.ch/slc6_amd64_gcc491/external/sip/4.11.2-kpegke/lib/python2.7/site-packages:/cvmfs/cms.cern.ch/slc6_amd64_gcc491/external/llvm/3.6-kpegke/lib/python2.7/site-packages:/cvmfs/cms.cern.ch/slc6_amd64_gcc491/external/py2-sqlalchemy/0.8.2-kpegke/lib/python2.7/site-packages:/cvmfs/cms.cern.ch/slc6_amd64_gcc491/external/py2-pycurl/7.19.0-kpegke/lib/python2.7/site-packages:/cvmfs/cms.cern.ch/slc6_amd64_gcc491/external/py2-pytz/2014.7-kpegke/lib/python2.7/site-packages:/cvmfs/cms.cern.ch/slc6_amd64_gcc491/external/py2-python-dateutil/1.5-kpegke/lib/python2.7/site-packages:/cvmfs/cms.cern.ch/slc6_amd64_gcc491/external/py2-numpy/1.9.2-kpegke/lib/python2.7/site-packages:/cvmfs/cms.cern.ch/slc6_amd64_gcc491/external/py2-lint/0.25.1-kpegke/lib/python2.7/site-packages:/cvmfs/cms.cern.ch/slc6_amd64_gcc491/external/py2-ipython/3.1.0-kpegke/lib/python2.7/site-packages:/cvmfs/cms.cern.ch/slc6_amd64_gcc491/external/py2-dxr/1.0-kpegke/lib/python2.7/site-packages:/cvmfs/cms.cern.ch/slc6_amd64_gcc491/external/py2-cx-oracle/5.1-kpegke/lib/python2.7/site-packages:/cvmfs/cms.cern.ch/slc6_amd64_gcc491/external/py2-cjson/1.0.5-kpegke/lib/python2.7/site-packages:/cvmfs/cms.cern.ch/slc6_amd64_gcc491/external/frontier_client/2.8.12/python/lib:/cvmfs/cms.cern.ch/slc6_amd64_gcc491/cms/das-client/2.5.0-kpegke/bin:/cvmfs/cms.cern.ch/slc6_amd64_gcc491/external/cython/0.22-kpegke/lib/python2.7/site-packages:/cvmfs/cms.cern.ch/slc6_amd64_gcc491/external/rivet/2.2.1-kpegke/lib/python2.7/site-packages:/cvmfs/cms.cern.ch/slc6_amd64_gcc491/lcg/root/6.02.10-kpegke2/lib:/cvmfs/cms.cern.ch/slc6_amd64_gcc491/external/pyminuit2/0.0.1-kpegke2/lib/python2.7/site-packages:/cvmfs/cms.cern.ch/slc6_amd64_gcc491/external/py2-pygithub/1.23.0-kpegke/lib/python2.7/site-packages:/cvmfs/cms.cern.ch/slc6_amd64_gcc491/external/py2-networkx/1.8.1-kpegke/lib/python2.7/site-packages:/cvmfs/cms.cern.ch/slc6_amd64_gcc491/external/py2-pygments/1.6-kpegke/lib/python2.7/site-packages:/cvmfs/cms.cern.ch/slc6_amd64_gcc491/external/py2-parsimonious/0.6.1-kpegke/lib/python2.7/site-packages:/cvmfs/cms.cern.ch/slc6_amd64_gcc491/external/py2-ordereddict/1.1-kpegke/lib/python2.7/site-packages:/cvmfs/cms.cern.ch/slc6_amd64_gcc491/external/py2-markupsafe/0.23-kpegke/lib/python2.7/site-packages:/cvmfs/cms.cern.ch/slc6_amd64_gcc491/external/py2-jinja/2.7.2-kpegke/lib/python2.7/site-packages:/cvmfs/cms.cern.ch/slc6_amd64_gcc491/external/py2-futures/2.2.0-kpegke/lib/python2.7/site-packages:/cvmfs/cms.cern.ch/slc6_amd64_gcc491/external/py2-dablooms/0.9.1-kpegke/lib/python2.7/site-packages:/cvmfs/cms.cern.ch/slc6_amd64_gcc491/external/professor/1.4.0-kpegke/lib/python2.7/site-packages:/cvmfs/cms.cern.ch/slc6_amd64_gcc491/cms/dbs-client/DBS_2_1_9-kpegke/lib:/cvmfs/cms.cern.ch/slc6_amd64_gcc491/cms/dbs-client/DBS_2_1_9-kpegke/lib/DBSAPI:/cvmfs/cms.cern.ch/slc6_amd64_gcc491/external/cvs2git/5419-kpegke/lib"
declare -x SRT_QTDIR_SCRAMRT="/cvmfs/cms.cern.ch/slc6_amd64_gcc491/external/qt/4.8.1-cms"
declare -x SRT_QTINC_SCRAMRT="/cvmfs/cms.cern.ch/slc6_amd64_gcc491/external/qt/4.8.1-cms/include"
declare -x SRT_QTLIB_SCRAMRT="/cvmfs/cms.cern.ch/slc6_amd64_gcc491/external/qt/4.8.1-cms/lib"
declare -x SRT_RIVET_ANALYSIS_PATH_SCRAMRTDEL="/afs/cern.ch/work/k/kilee/tutorial/CMSSW_7_6_0_pre2_Starlight/lib/slc6_amd64_gcc491:/cvmfs/cms.cern.ch/slc6_amd64_gcc491/cms/cmssw/CMSSW_7_6_0_pre2/lib/slc6_amd64_gcc491:/cvmfs/cms.cern.ch/slc6_amd64_gcc491/external/rivet/2.2.1-kpegke/lib"
declare -x SRT_ROOFITSYS_SCRAMRTDEL="/cvmfs/cms.cern.ch/slc6_amd64_gcc491/lcg/root/6.02.10-kpegke2/"
declare -x SRT_ROOTSYS_SCRAMRTDEL="/cvmfs/cms.cern.ch/slc6_amd64_gcc491/lcg/root/6.02.10-kpegke2/"
declare -x SRT_ROOT_GCC_TOOLCHAIN_SCRAMRTDEL="/cvmfs/cms.cern.ch/slc6_amd64_gcc491/external/gcc/4.9.1-cms"
declare -x SRT_ROOT_INCLUDE_PATH_SCRAMRTDEL="/afs/cern.ch/work/k/kilee/tutorial/CMSSW_7_6_0_pre2_Starlight/src:/cvmfs/cms.cern.ch/slc6_amd64_gcc491/cms/cmssw/CMSSW_7_6_0_pre2/src:/cvmfs/cms.cern.ch/slc6_amd64_gcc491/cms/coral/CORAL_2_3_21-kpegke2/include/LCG:/cvmfs/cms.cern.ch/slc6_amd64_gcc491/external/mctester/1.25.0a-kpegke2/include:/cvmfs/cms.cern.ch/slc6_amd64_gcc491/lcg/root/6.02.10-kpegke2/include:/cvmfs/cms.cern.ch/slc6_amd64_gcc491/external/qt/4.8.1-cms/include/QtDesigner:/cvmfs/cms.cern.ch/slc6_amd64_gcc491/external/tauolapp/1.1.5-kpegke2/include:/cvmfs/cms.cern.ch/slc6_amd64_gcc491/external/charybdis/1.003-kpegke2/include:/cvmfs/cms.cern.ch/slc6_amd64_gcc491/external/thepeg/1.9.2p1-kpegke2/include:/cvmfs/cms.cern.ch/slc6_amd64_gcc491/external/sherpa/2.1.1-kpegke2/include/SHERPA-MC:/cvmfs/cms.cern.ch/slc6_amd64_gcc491/external/qt/4.8.1-cms/include/QtOpenGL:/cvmfs/cms.cern.ch/slc6_amd64_gcc491/external/qt/4.8.1-cms/include/QtGui:/cvmfs/cms.cern.ch/slc6_amd64_gcc491/external/pythia8/210/include:/cvmfs/cms.cern.ch/slc6_amd64_gcc491/external/herwig/6.521-kpegke2/include:/cvmfs/cms.cern.ch/slc6_amd64_gcc491/external/qt/4.8.1-cms/include/QtScript:/cvmfs/cms.cern.ch/slc6_amd64_gcc491/external/qt/4.8.1-cms/include/Qt3Support:/cvmfs/cms.cern.ch/slc6_amd64_gcc491/external/classlib/3.1.3-eccfad/include:/cvmfs/cms.cern.ch/slc6_amd64_gcc491/external/lhapdf/6.1.5-kpegke2/include:/cvmfs/cms.cern.ch/slc6_amd64_gcc491/external/cgal/4.2-kpegke/include:/cvmfs/cms.cern.ch/slc6_amd64_gcc491/external/tkonlinesw/2.7.0-cms/include:/cvmfs/cms.cern.ch/slc6_amd64_gcc491/external/qt/4.8.1-cms/include:/cvmfs/cms.cern.ch/slc6_amd64_gcc491/external/qt/4.8.1-cms/include/Qt:/cvmfs/cms.cern.ch/slc6_amd64_gcc491/external/qt/4.8.1-cms/include/QtCore:/cvmfs/cms.cern.ch/slc6_amd64_gcc491/external/qt/4.8.1-cms/include/QtXml:/cvmfs/cms.cern.ch/slc6_amd64_gcc491/external/mcdb/1.0.2-cms/interface:/cvmfs/cms.cern.ch/slc6_amd64_gcc491/external/libungif/4.1.4-cms/include:/cvmfs/cms.cern.ch/slc6_amd64_gcc491/external/libtiff/3.9.4-cms/include:/cvmfs/cms.cern.ch/slc6_amd64_gcc491/external/libpng/1.6.16-eccfad/include:/cvmfs/cms.cern.ch/slc6_amd64_gcc491/external/geant4/10.00.p03-kpegke2/include/Geant4:/cvmfs/cms.cern.ch/slc6_amd64_gcc491/external/frontier_client/2.8.12/include:/cvmfs/cms.cern.ch/slc6_amd64_gcc491/external/evtgenlhc/9.1-kpegke2:/cvmfs/cms.cern.ch/slc6_amd64_gcc491/external/pcre/7.9__8.33-cms/include:/cvmfs/cms.cern.ch/slc6_amd64_gcc491/external/boost/1.57.0-kpegke/include:/cvmfs/cms.cern.ch/slc6_amd64_gcc491/external/xz/5.2.1/include:/cvmfs/cms.cern.ch/slc6_amd64_gcc491/external/xrootd/4.0.4-eccfad3/include/xrootd/private:/cvmfs/cms.cern.ch/slc6_amd64_gcc491/cms/vdt/v0.3.2-eccfad/include:/cvmfs/cms.cern.ch/slc6_amd64_gcc491/external/valgrind/3.10.1-eccfad/include:/cvmfs/cms.cern.ch/slc6_amd64_gcc491/external/toprex/4.23-cms/include:/cvmfs/cms.cern.ch/slc6_amd64_gcc491/external/tbb/43_20150316oss/include:/cvmfs/cms.cern.ch/slc6_amd64_gcc491/external/tauola/27.121.5-cms/include:/cvmfs/cms.cern.ch/slc6_amd64_gcc491/external/sigcpp/2.2.10-eccfad/include/sigc++-2.0:/cvmfs/cms.cern.ch/slc6_amd64_gcc491/external/rivet/2.2.1-kpegke/include:/cvmfs/cms.cern.ch/slc6_amd64_gcc491/external/sqlite/3.7.17-cms/include:/cvmfs/cms.cern.ch/slc6_amd64_gcc491/external/protobuf/2.4.1-cms/include:/cvmfs/cms.cern.ch/slc6_amd64_gcc491/external/pacparser/1.3.1-cms/include:/cvmfs/cms.cern.ch/slc6_amd64_gcc491/external/oracle/11.2.0.3.0__10.2.0.4.0-cms/include:/cvmfs/cms.cern.ch/slc6_amd64_gcc491/external/meschach/1.2.pCMS1-cms/include:/cvmfs/cms.cern.ch/slc6_amd64_gcc491/external/libhepml/0.2.1-cms/interface:/cvmfs/cms.cern.ch/slc6_amd64_gcc491/external/ktjet/1.06-kpegke2/include:/cvmfs/cms.cern.ch/slc6_amd64_gcc491/external/jimmy/4.2-kpegke2/include:/cvmfs/cms.cern.ch/slc6_amd64_gcc491/external/jemalloc/3.5.0-cms/include:/cvmfs/cms.cern.ch/slc6_amd64_gcc491/external/libxml2/2.7.7-cms/include/libxml2:/cvmfs/cms.cern.ch/slc6_amd64_gcc491/external/herwigpp/2.7.1-kpegke2/include:/cvmfs/cms.cern.ch/slc6_amd64_gcc491/external/heppdt/3.03.00-cms/include:/cvmfs/cms.cern.ch/slc6_amd64_gcc491/external/hector/1.3.4-kpegke2/include:/cvmfs/cms.cern.ch/slc6_amd64_gcc491/external/gsl/1.10-cms/include:/cvmfs/cms.cern.ch/slc6_amd64_gcc491/external/libjpg/8b-cms/include:/cvmfs/cms.cern.ch/slc6_amd64_gcc491/external/xerces-c/2.8.0-cms/include:/cvmfs/cms.cern.ch/slc6_amd64_gcc491/external/gdbm/1.10-cms/include:/cvmfs/cms.cern.ch/slc6_amd64_gcc491/external/fftw3/3.3.2-cms/include:/cvmfs/cms.cern.ch/slc6_amd64_gcc491/external/fftjet/1.5.0-cms/include:/cvmfs/cms.cern.ch/slc6_amd64_gcc491/external/fastjet/3.1.0-odfocd/include:/cvmfs/cms.cern.ch/slc6_amd64_gcc491/external/expat/2.0.1-cms/include:/cvmfs/cms.cern.ch/slc6_amd64_gcc491/external/hepmc/2.06.07-eccfad/include:/cvmfs/cms.cern.ch/slc6_amd64_gcc491/external/dpm/1.8.0.1-cms/include:/cvmfs/cms.cern.ch/slc6_amd64_gcc491/external/dcap/2.47.8-eccfad/include:/cvmfs/cms.cern.ch/slc6_amd64_gcc491/external/db4/4.4.20-cms/include:/cvmfs/cms.cern.ch/slc6_amd64_gcc491/external/curl/7.28.0-eccfad/include:/cvmfs/cms.cern.ch/slc6_amd64_gcc491/external/cppunit/1.12.1-cms/include:/cvmfs/cms.cern.ch/slc6_amd64_gcc491/external/clhep/2.2.0.4/include:/cvmfs/cms.cern.ch/slc6_amd64_gcc491/external/openssl/0.9.8e__1.0.1-cms/include:/cvmfs/cms.cern.ch/slc6_amd64_gcc491/external/pythia6/426-cms/include:/cvmfs/cms.cern.ch/slc6_amd64_gcc491/external/photos/215.5-cms/include:/cvmfs/cms.cern.ch/slc6_amd64_gcc491/external/zlib/1.2.8-cms/include:/cvmfs/cms.cern.ch/slc6_amd64_gcc491/external/libuuid/2.22.2-cms/include:/cvmfs/cms.cern.ch/slc6_amd64_gcc491/external/castor/2.1.13.9-cms/include:/cvmfs/cms.cern.ch/slc6_amd64_gcc491/external/castor/2.1.13.9-cms/include/shift:/cvmfs/cms.cern.ch/slc6_amd64_gcc491/external/cascade/2.2.04-kpegke2/include:/cvmfs/cms.cern.ch/slc6_amd64_gcc491/external/bz2lib/1.0.5-cms/include:/cvmfs/cms.cern.ch/slc6_amd64_gcc491/external/python/2.7.6-kpegke/include/python2.7:/cvmfs/cms.cern.ch/slc6_amd64_gcc491/external/gcc/4.9.1-cms/include/c++/4.9.1:/cvmfs/cms.cern.ch/slc6_amd64_gcc491/external/gcc/4.9.1-cms/include/c++/4.9.1/x86_64-redhat-linux-gnu:/cvmfs/cms.cern.ch/slc6_amd64_gcc491/external/gcc/4.9.1-cms/include/c++/4.9.1/backward:/usr/local/include:/usr/include"
declare -x SRT_SHERPA_INCLUDE_PATH_SCRAMRTDEL="/cvmfs/cms.cern.ch/slc6_amd64_gcc491/external/sherpa/2.1.1-kpegke2/include/SHERPA-MC"
declare -x SRT_SHERPA_SHARE_PATH_SCRAMRTDEL="/cvmfs/cms.cern.ch/slc6_amd64_gcc491/external/sherpa/2.1.1-kpegke2/share/SHERPA-MC"
declare -x SRT_TEXMFHOME_SCRAMRTDEL="/cvmfs/cms.cern.ch/slc6_amd64_gcc491/external/rivet/2.2.1-kpegke/share/Rivet/texmf"
declare -x SRT_TNS_ADMIN_SCRAMRTDEL="/cvmfs/cms.cern.ch/slc6_amd64_gcc491/cms/oracle-env/29/etc"
declare -x SRT_VALGRIND_LIB_SCRAMRTDEL="/cvmfs/cms.cern.ch/slc6_amd64_gcc491/external/valgrind/3.10.1-eccfad/lib/valgrind"
declare -x SRT_WORKER_DATA_PATH_SCRAMRTDEL="/cvmfs/cms.cern.ch/slc6_amd64_gcc491/external/blackhat/0.9.9-kpegke/share/blackhat/datafiles/"
declare -x SSH_ASKPASS="/usr/libexec/openssh/gnome-ssh-askpass"
declare -x SSH_CLIENT="221.163.226.25 53788 22"
declare -x SSH_CONNECTION="221.163.226.25 53788 188.184.69.36 22"
declare -x SSH_TTY="/dev/pts/82"
declare -x STAGE_HOST="castorcms"
declare -x TERM="xterm-256color"
declare -x TEXINPUTS=":/afs/cern.ch/group/zh/latex/styles"
declare -x TEXMFHOME="/cvmfs/cms.cern.ch/slc6_amd64_gcc491/external/rivet/2.2.1-kpegke/share/Rivet/texmf"
declare -x TMPDIR="/tmp/kilee"
declare -x TNS_ADMIN="/cvmfs/cms.cern.ch/slc6_amd64_gcc491/cms/oracle-env/29/etc"
declare -x USER="kilee"
declare -x VALGRIND_LIB="/cvmfs/cms.cern.ch/slc6_amd64_gcc491/external/valgrind/3.10.1-eccfad/lib/valgrind"
declare -x WORKER_DATA_PATH="/cvmfs/cms.cern.ch/slc6_amd64_gcc491/external/blackhat/0.9.9-kpegke/share/blackhat/datafiles/"
declare -x WWW_HOME="http://cmsdoc.cern.ch/cms.html"
declare -x doxygen
